<?xml version="1.0" encoding="UTF-8"?>
<!-- Generated by org.testng.reporters.JUnitReportReporter -->
<testsuite skipped="0" hostname="DESKTOP-KDHA684" name="gitproject.PracticeSelenium" tests="1" failures="0" timestamp="2020-10-29T15:52:43 IST" time="72.113" errors="0">
  <testcase name="setUp" time="72.113" classname="gitproject.PracticeSelenium"/>
  <system-out/>
</testsuite> <!-- gitproject.PracticeSelenium -->
