<?xml version="1.0" encoding="UTF-8"?>
<!-- Generated by org.testng.reporters.JUnitReportReporter -->
<testsuite skipped="0" hostname="DESKTOP-KDHA684" name="gitproject.Testcases" tests="2" failures="0" timestamp="2020-10-31T16:02:49 IST" time="0.015" errors="0">
  <testcase name="positiveData" time="0.001" classname="gitproject.Testcases"/>
  <system-out/>
  <testcase name="negativeData" time="0.014" classname="gitproject.Testcases"/>
  <system-out/>
</testsuite> <!-- gitproject.Testcases -->
