<?xml version="1.0" encoding="UTF-8"?>
<!-- Generated by org.testng.reporters.JUnitReportReporter -->
<testsuite skipped="0" hostname="DESKTOP-KDHA684" name="gitproject.JavaTest" tests="1" failures="0" timestamp="2020-10-28T10:03:07 IST" time="8.530" errors="0">
  <testcase name="setUp" time="8.530" classname="gitproject.JavaTest"/>
  <system-out/>
</testsuite> <!-- gitproject.JavaTest -->
